<?xml version="1.0" encoding="UTF-8"?>
<!-- Generated by org.testng.reporters.JUnitXMLReporter -->
<testsuite ignored="2" hostname="FFE-Marabathula-Gopi-Vara-Prasad" failures="1" tests="2" name="Test" time="40.743" errors="0" timestamp="2025-08-21T13:01:21 IST">
  <testcase classname="NinzaCRM.CampaignModule.CreateCampaignTest" name="CreateCampaign" time="0.008">
    <failure type="java.lang.AssertionError" message="null">
      <![CDATA[java.lang.AssertionError: null
at NinzaCRM.CampaignModule.CreateCampaignTest.CreateCampaign(CreateCampaignTest.java:20)
at java.base/java.util.ArrayList.forEach(ArrayList.java:1596)
... Removed 27 stack frames]]>
    </failure>
  </testcase> <!-- CreateCampaign -->
  <testcase classname="NinzaCRM.ContactModule.CreateContact" name="CreateContactTest" time="4.131"/>
  <testcase classname="ninzaCRM.genericMethodsPractise.BaseClass" name="@BeforeSuite bsConfig" time="0.0">
    <ignored/>
  </testcase> <!-- @BeforeSuite bsConfig -->
  <testcase classname="ninzaCRM.genericMethodsPractise.BaseClass" name="@AfterSuite asConfig" time="0.0">
    <ignored/>
  </testcase> <!-- @AfterSuite asConfig -->
</testsuite> <!-- Test -->
